bSecure/app/build/outputs/logs/manifest-merger-debug-report.txt
-- Merging decision tree log ---
manifest
ADDED from src\main\AndroidManifest.xml:2:1-84:12
	package
		ADDED from src\main\AndroidManifest.xml:3:5-26
		INJECTED from src\main\AndroidManifest.xml
		INJECTED from src\main\AndroidManifest.xml
	android:versionName
		ADDED from src\main\AndroidManifest.xml:5:5-30
		INJECTED from src\main\AndroidManifest.xml
		INJECTED from src\main\AndroidManifest.xml
	android:versionCode
		ADDED from src\main\AndroidManifest.xml:4:5-28
		INJECTED from src\main\AndroidManifest.xml
		INJECTED from src\main\AndroidManifest.xml
	xmlns:android
		ADDED from src\main\AndroidManifest.xml:2:11-69
uses-sdk
ADDED from src\main\AndroidManifest.xml:7:5-9:41
MERGED from [com.google.android.gms:play-services:5.0.89] AndroidManifest.xml:15:5-42
	android:targetSdkVersion
		ADDED from src\main\AndroidManifest.xml:9:9-38
		INJECTED from src\main\AndroidManifest.xml
		INJECTED from src\main\AndroidManifest.xml
	android:minSdkVersion
		ADDED from src\main\AndroidManifest.xml:8:9-35
		INJECTED from src\main\AndroidManifest.xml
		INJECTED from src\main\AndroidManifest.xml
uses-permission#android.permission.READ_SMS
ADDED from src\main\AndroidManifest.xml:11:5-67
	android:name
		ADDED from src\main\AndroidManifest.xml:11:22-64
uses-permission#com.android.alarm.permission.SET_ALARM
ADDED from src\main\AndroidManifest.xml:12:2-74
	android:name
		ADDED from src\main\AndroidManifest.xml:12:19-72
uses-permission#android.permission.SEND_SMS
ADDED from src\main\AndroidManifest.xml:13:5-66
	android:name
		ADDED from src\main\AndroidManifest.xml:13:22-64
uses-permission#android.permission.READ_CONTACTS
ADDED from src\main\AndroidManifest.xml:14:5-71
	android:name
		ADDED from src\main\AndroidManifest.xml:14:22-69
uses-permission#android.permission.READ_EXTERNAL_STORAGE
ADDED from src\main\AndroidManifest.xml:15:7-81
	android:name
		ADDED from src\main\AndroidManifest.xml:15:24-79
uses-permission#android.permission.WRITE_EXTERNAL_STORAGE
ADDED from src\main\AndroidManifest.xml:16:5-80
	android:name
		ADDED from src\main\AndroidManifest.xml:16:22-78
uses-permission#android.permission.RECORD_AUDIO
ADDED from src\main\AndroidManifest.xml:17:4-70
	android:name
		ADDED from src\main\AndroidManifest.xml:17:21-67
uses-feature#android.hardware.sensor.accelerometer
ADDED from src\main\AndroidManifest.xml:18:5-97
	android:required
		ADDED from src\main\AndroidManifest.xml:18:72-95
	android:name
		ADDED from src\main\AndroidManifest.xml:18:19-71
uses-permission#android.permission.VIBRATE
ADDED from src\main\AndroidManifest.xml:19:5-65
	android:name
		ADDED from src\main\AndroidManifest.xml:19:22-63
uses-permission#android.permission.ACCESS_COARSE_LOCATION
ADDED from src\main\AndroidManifest.xml:20:3-79
	android:name
		ADDED from src\main\AndroidManifest.xml:20:20-76
uses-permission#android.permission.ACCESS_NETWORK_STATE
ADDED from src\main\AndroidManifest.xml:21:5-79
	android:name
		ADDED from src\main\AndroidManifest.xml:21:22-76
uses-permission#android.permission.ACCESS_MOCK_LOCATION
ADDED from src\main\AndroidManifest.xml:22:5-79
	android:name
		ADDED from src\main\AndroidManifest.xml:22:22-76
uses-permission#android.permission.ACCESS_FINE_LOCATION
ADDED from src\main\AndroidManifest.xml:23:5-78
	android:name
		ADDED from src\main\AndroidManifest.xml:23:22-76
uses-permission#android.permission.ACCESS_WIFI_STATE
ADDED from src\main\AndroidManifest.xml:25:5-76
	android:name
		ADDED from src\main\AndroidManifest.xml:25:22-73
uses-permission#android.permission.RECEIVE_BOOT_COMPLETED
ADDED from src\main\AndroidManifest.xml:26:5-81
	android:name
		ADDED from src\main\AndroidManifest.xml:26:22-78
uses-permission#android.permission.INTERNET
ADDED from src\main\AndroidManifest.xml:27:4-65
	android:name
		ADDED from src\main\AndroidManifest.xml:27:21-63
application
ADDED from src\main\AndroidManifest.xml:30:5-82:26
MERGED from [com.google.android.gms:play-services:5.0.89] AndroidManifest.xml:16:5-19
	android:label
		ADDED from src\main\AndroidManifest.xml:33:9-41
	android:allowBackup
		ADDED from src\main\AndroidManifest.xml:31:9-35
	android:icon
		ADDED from src\main\AndroidManifest.xml:32:9-41
	android:theme
		ADDED from src\main\AndroidManifest.xml:34:9-40
activity#com.bSecure.UserRegistration
ADDED from src\main\AndroidManifest.xml:36:9-44:20
	android:label
		ADDED from src\main\AndroidManifest.xml:38:13-45
	android:name
		ADDED from src\main\AndroidManifest.xml:37:13-56
intent-filter#android.intent.action.MAIN+android.intent.category.LAUNCHER
ADDED from src\main\AndroidManifest.xml:39:13-43:29
action#android.intent.action.MAIN
ADDED from src\main\AndroidManifest.xml:40:17-69
	android:name
		ADDED from src\main\AndroidManifest.xml:40:25-66
category#android.intent.category.LAUNCHER
ADDED from src\main\AndroidManifest.xml:42:17-77
	android:name
		ADDED from src\main\AndroidManifest.xml:42:27-74
receiver#com.bSecure.WidgetActivity
ADDED from src\main\AndroidManifest.xml:45:9-54:20
	android:name
		ADDED from src\main\AndroidManifest.xml:45:19-60
intent-filter#android.appwidget.action.APPWIDGET_UPDATE
ADDED from src\main\AndroidManifest.xml:46:13-49:29
action#android.appwidget.action.APPWIDGET_UPDATE
ADDED from src\main\AndroidManifest.xml:47:17-48:80
	android:name
		ADDED from src\main\AndroidManifest.xml:48:21-77
meta-data#android.appwidget.provider
ADDED from src\main\AndroidManifest.xml:51:13-53:57
	android:resource
		ADDED from src\main\AndroidManifest.xml:53:17-54
	android:name
		ADDED from src\main\AndroidManifest.xml:52:17-58
receiver#com.bSecure.WidgetReceiver
ADDED from src\main\AndroidManifest.xml:56:10-73:12
	android:label
		ADDED from src\main\AndroidManifest.xml:58:5-28
	android:name
		ADDED from src\main\AndroidManifest.xml:57:5-46
intent-filter#CHANGE_PICTUREG
ADDED from src\main\AndroidManifest.xml:59:5-61:21
action#CHANGE_PICTUREG
ADDED from src\main\AndroidManifest.xml:60:9-50
	android:name
		ADDED from src\main\AndroidManifest.xml:60:17-47
intent-filter#CHANGE_PICTUREY
ADDED from src\main\AndroidManifest.xml:63:5-65:21
action#CHANGE_PICTUREY
ADDED from src\main\AndroidManifest.xml:64:9-50
	android:name
		ADDED from src\main\AndroidManifest.xml:64:17-47
intent-filter#CHANGE_PICTURER
ADDED from src\main\AndroidManifest.xml:66:5-68:21
action#CHANGE_PICTURER
ADDED from src\main\AndroidManifest.xml:67:9-50
	android:name
		ADDED from src\main\AndroidManifest.xml:67:17-47
service#com.bSecure.MessageSender
ADDED from src\main\AndroidManifest.xml:75:10-70
	android:name
		ADDED from src\main\AndroidManifest.xml:75:19-59
activity#com.bSecure.WidgetSettings
ADDED from src\main\AndroidManifest.xml:77:10-73
	android:name
		ADDED from src\main\AndroidManifest.xml:77:20-61
activity#com.bSecure.ApplicationSettings
ADDED from src\main\AndroidManifest.xml:78:10-78
	android:name
		ADDED from src\main\AndroidManifest.xml:78:20-66
service#com.bSecure.AudioRecorder
ADDED from src\main\AndroidManifest.xml:79:10-70
	android:name
		ADDED from src\main\AndroidManifest.xml:79:19-59
service#com.bSecure.ShakeWakeupService
ADDED from src\main\AndroidManifest.xml:80:10-75
	android:name
		ADDED from src\main\AndroidManifest.xml:80:19-64